2025-09-02 16:50:02 - Validate Token: test123, Result: {"success":false}
2025-09-02 16:50:11 - Token: test456, Result: {"success":false,"message":"Challenge expired"}
2025-09-02 16:50:36 - Token: 978c8c7fc3d8d739988a3f51a25db872df1d05f25e49b9ec4d, Result: {"success":false,"message":"Challenge expired"}
2025-09-02 16:52:07 - Token: f4ef845c1b8a089a5adee06c0ac685f85bb135e54e2fa3b771, Result: {"success":false,"message":"Challenge not found or invalid"}
2025-09-02 16:52:13 - Token: test456, Result: {"success":false,"message":"Challenge not found or invalid"}
2025-09-02 16:52:34 - Token: 50a51d14b3b508e9738d9164c3712677da935f9e6c3d956fa1, Result: {"success":false,"message":"Challenge not found or invalid"}
2025-09-02 16:53:11 - Token: 0fa86b1677d40b9936506e9e66a2d0e6eea539798975588fca, Result: {"success":false,"message":"Challenge not found or invalid"}
2025-09-02 16:53:23 - Token: df9124fb47451ea6d51bea727f5865782aad443294ca3b3fdf, Result: {"success":false,"message":"Challenge not found or invalid"}
2025-09-02 16:53:38 - Token: b9492b21c26d6cc1d1d605460d4df0ab0e75c79c4be50dc33a, Result: {"success":false,"message":"Challenge not found or invalid"}
2025-09-02 16:53:48 - Token: b9492b21c26d6cc1d1d605460d4df0ab0e75c79c4be50dc33a, Result: {"success":false,"message":"Challenge not found or invalid"}
2025-09-02 16:55:18 - Token: 52c0c1713eb8ceda3e093b385101162dc23d65b6b89084374f, Result: {"success":false,"message":"Challenge not found or invalid"}
2025-09-02 16:55:32 - Token: 428102ffdce799642078e729d5df8c7b8f14ffffa4dc780ded, Result: {"success":false,"message":"Challenge not found or invalid"}
2025-09-02 16:55:42 - Token: d1d61f68b700c554425261b94f1c6d36696f2bf6a75f88da8e, Result: {"success":false,"message":"Challenge not found or invalid"}
2025-09-02 16:55:45 - Token: d1b2f8d35bfde040d9887e01c3ae8853e2cae6a744de13001c, Result: {"success":false,"message":"Challenge not found or invalid"}
2025-09-02 16:59:15 - Token: ea0bbbfb52ed5606d46731f92d7c53cda83730c1187c22aee6, Result: {"success":false,"message":"Invalid solution"}
2025-09-02 16:59:16 - Token: 7f3be0885e869de3b3122947953e93093cf5320f0c788921ac, Result: {"success":true,"token":"8535ac62d9cc4aed:00aeea4cba755506f52c52fb289139","expires":1756804756391}
2025-09-02 16:59:16 - Validate Token: 8535ac62d9cc4aed:00aeea4cba755506f52c52fb289139, Result: {"success":true}
2025-09-02 16:59:47 - Token: ea0bbbfb52ed5606d46731f92d7c53cda83730c1187c22aee6, Result: {"success":false,"message":"Invalid solution"}
2025-09-02 16:59:51 - Token: 1a98795a2d8e044dc07ff88f9140c9033efe713485af7bdbc4, Result: {"success":true,"token":"8c43a0b518dd2346:06718ec20ec97f955ec3b39cc19ec9","expires":1756804791591}
2025-09-02 16:59:51 - Validate Token: 8c43a0b518dd2346:06718ec20ec97f955ec3b39cc19ec9, Result: {"success":true}
2025-09-02 17:00:16 - Token: b57a0e03fb4214696f57af81bbd4087ee44861d9b2de87514e, Result: {"success":true,"token":"0d82d7e6202e15d1:343f740a9654180bb17dcb5aef46be","expires":1756804816882}
2025-09-02 17:00:17 - Validate Token: 0d82d7e6202e15d1:343f740a9654180bb17dcb5aef46be, Result: {"success":true}
2025-09-02 17:00:20 - Token: 0d1daa6eaedda00b2c7d9cc31b8629d3709682a2669f01cddd, Result: {"success":false,"message":"Invalid solution"}
2025-09-02 17:01:16 - Token: 0d1daa6eaedda00b2c7d9cc31b8629d3709682a2669f01cddd, Result: {"success":false,"message":"Invalid solution"}
2025-09-02 17:01:18 - Token: 4db6580cdecfe2b12d3e10a061bfd061cd905f608bce8e199a, Result: {"success":true,"token":"1b670e901ab317ab:dfc35dfc1d5178f0a415898c7df6d8","expires":1756804878265}
2025-09-02 17:01:18 - Validate Token: 1b670e901ab317ab:dfc35dfc1d5178f0a415898c7df6d8, Result: {"success":true}
2025-09-02 17:01:29 - Token: 39613dc99d566f019563d884b1446d2e6f0a7f1ca7604d5633, Result: {"success":true,"token":"e06af4bbaf2b5527:4bfacfed00975ec3eb273d59b6d600","expires":1756804889490}
2025-09-02 17:01:29 - Validate Token: e06af4bbaf2b5527:4bfacfed00975ec3eb273d59b6d600, Result: {"success":true}
2025-09-02 17:01:40 - Token: 4cc368f695b0d531a4ed36a7242d9d04178122edbe0440c7a2, Result: {"success":true,"token":"da891ee1523fb95f:f732eec47c0cda3082982a9b62402c","expires":1756804900563}
2025-09-02 17:01:40 - Validate Token: da891ee1523fb95f:f732eec47c0cda3082982a9b62402c, Result: {"success":true}
2025-09-02 17:02:22 - Token: 50efb063cd63be508814f969e79f07b68bf44e2bf51fd07994, Result: {"success":false,"message":"Invalid solution"}
2025-09-02 17:03:30 - Token: 9da6db60858d4d0a07b91069fc82036890b52bc4f1df3ca059, Result: {"success":true,"token":"7070663683ba6fba:e8fdb7ff94b13974d8aceab4811175","expires":1756805010255}
2025-09-02 17:03:30 - Validate Token: 7070663683ba6fba:e8fdb7ff94b13974d8aceab4811175, Result: {"success":true}
2025-09-02 17:04:33 - Token: 495abfb980749470835d1626944e9269972c43446450900413, Result: {"success":true,"token":"c5d4695a299624e6:4a541c1ca1986652554ea006d4cb5a","expires":1756805073329}
